Info: Starting: Create block symbol file (.bsf)
Info: qsys-generate D:\intelFPGA_lite\18.1\lights\lights.qsys --block-symbol-file --output-directory=D:\intelFPGA_lite\18.1\lights\lights --family="Cyclone V" --part=5CSEMA5F31C6
Progress: Loading lights/lights.qsys
Progress: Reading input file
Progress: Adding clk_0 [clock_source 18.1]
Progress: Parameterizing module clk_0
Progress: Adding jtag_uart_0 [altera_avalon_jtag_uart 18.1]
Progress: Parameterizing module jtag_uart_0
Progress: Adding leds [altera_avalon_pio 18.1]
Progress: Parameterizing module leds
Progress: Adding new_sdram_controller_0 [altera_avalon_new_sdram_controller 18.1]
Progress: Parameterizing module new_sdram_controller_0
Progress: Adding nios2_qsys_0 [altera_nios2_qsys 16.1]
Progress: Parameterizing module nios2_qsys_0
Progress: Adding pll_0 [altera_pll 18.1]
Progress: Parameterizing module pll_0
Progress: Adding switches [altera_avalon_pio 18.1]
Progress: Parameterizing module switches
Progress: Building connections
Progress: Parameterizing connections
Progress: Validating
Progress: Done reading input file
Info: lights.jtag_uart_0: JTAG UART IP input clock need to be at least double (2x) the operating frequency of JTAG TCK on board
Info: lights.new_sdram_controller_0: SDRAM Controller will only be supported in Quartus Prime Standard Edition in the future release.
Warning: lights.nios2_qsys_0: Nios II Classic cores are no longer recommended for new projects
Info: lights.pll_0: The legal reference clock frequency is 5.0 MHz..800.0 MHz
Warning: lights.pll_0: Able to implement PLL - Actual settings differ from Requested settings
Info: lights.switches: PIO inputs are not hardwired in test bench. Undefined values will be read from PIO inputs during simulation.
Warning: lights.pll_0: pll_0.locked must be exported, or connected to a matching conduit.
Info: qsys-generate succeeded.
Info: Finished: Create block symbol file (.bsf)
Info: 
Info: Starting: Create HDL design files for synthesis
Info: qsys-generate D:\intelFPGA_lite\18.1\lights\lights.qsys --synthesis=VHDL --output-directory=D:\intelFPGA_lite\18.1\lights\lights\synthesis --family="Cyclone V" --part=5CSEMA5F31C6
Progress: Loading lights/lights.qsys
Progress: Reading input file
Progress: Adding clk_0 [clock_source 18.1]
Progress: Parameterizing module clk_0
Progress: Adding jtag_uart_0 [altera_avalon_jtag_uart 18.1]
Progress: Parameterizing module jtag_uart_0
Progress: Adding leds [altera_avalon_pio 18.1]
Progress: Parameterizing module leds
Progress: Adding new_sdram_controller_0 [altera_avalon_new_sdram_controller 18.1]
Progress: Parameterizing module new_sdram_controller_0
Progress: Adding nios2_qsys_0 [altera_nios2_qsys 16.1]
Progress: Parameterizing module nios2_qsys_0
Progress: Adding pll_0 [altera_pll 18.1]
Progress: Parameterizing module pll_0
Progress: Adding switches [altera_avalon_pio 18.1]
Progress: Parameterizing module switches
Progress: Building connections
Progress: Parameterizing connections
Progress: Validating
Progress: Done reading input file
Info: lights.jtag_uart_0: JTAG UART IP input clock need to be at least double (2x) the operating frequency of JTAG TCK on board
Info: lights.new_sdram_controller_0: SDRAM Controller will only be supported in Quartus Prime Standard Edition in the future release.
Warning: lights.nios2_qsys_0: Nios II Classic cores are no longer recommended for new projects
Info: lights.pll_0: The legal reference clock frequency is 5.0 MHz..800.0 MHz
Warning: lights.pll_0: Able to implement PLL - Actual settings differ from Requested settings
Info: lights.switches: PIO inputs are not hardwired in test bench. Undefined values will be read from PIO inputs during simulation.
Warning: lights.pll_0: pll_0.locked must be exported, or connected to a matching conduit.
Info: lights: Generating lights "lights" for QUARTUS_SYNTH
Info: jtag_uart_0: Starting RTL generation for module 'lights_jtag_uart_0'
Info: jtag_uart_0:   Generation command is [exec D:/intelfpga_lite/18.1/quartus/bin64/perl/bin/perl.exe -I D:/intelfpga_lite/18.1/quartus/bin64/perl/lib -I D:/intelfpga_lite/18.1/quartus/sopc_builder/bin/europa -I D:/intelfpga_lite/18.1/quartus/sopc_builder/bin/perl_lib -I D:/intelfpga_lite/18.1/quartus/sopc_builder/bin -I D:/intelfpga_lite/18.1/quartus/../ip/altera/sopc_builder_ip/common -I D:/intelfpga_lite/18.1/quartus/../ip/altera/sopc_builder_ip/altera_avalon_jtag_uart -- D:/intelfpga_lite/18.1/quartus/../ip/altera/sopc_builder_ip/altera_avalon_jtag_uart/generate_rtl.pl --name=lights_jtag_uart_0 --dir=C:/Users/Acer/AppData/Local/Temp/alt9332_7109963081415909619.dir/0002_jtag_uart_0_gen/ --quartus_dir=D:/intelfpga_lite/18.1/quartus --verilog --config=C:/Users/Acer/AppData/Local/Temp/alt9332_7109963081415909619.dir/0002_jtag_uart_0_gen//lights_jtag_uart_0_component_configuration.pl  --do_build_sim=0  ]
Info: jtag_uart_0: Done RTL generation for module 'lights_jtag_uart_0'
Info: jtag_uart_0: "lights" instantiated altera_avalon_jtag_uart "jtag_uart_0"
Info: leds: Starting RTL generation for module 'lights_leds'
Info: leds:   Generation command is [exec D:/intelfpga_lite/18.1/quartus/bin64/perl/bin/perl.exe -I D:/intelfpga_lite/18.1/quartus/bin64/perl/lib -I D:/intelfpga_lite/18.1/quartus/sopc_builder/bin/europa -I D:/intelfpga_lite/18.1/quartus/sopc_builder/bin/perl_lib -I D:/intelfpga_lite/18.1/quartus/sopc_builder/bin -I D:/intelfpga_lite/18.1/quartus/../ip/altera/sopc_builder_ip/common -I D:/intelfpga_lite/18.1/quartus/../ip/altera/sopc_builder_ip/altera_avalon_pio -- D:/intelfpga_lite/18.1/quartus/../ip/altera/sopc_builder_ip/altera_avalon_pio/generate_rtl.pl --name=lights_leds --dir=C:/Users/Acer/AppData/Local/Temp/alt9332_7109963081415909619.dir/0003_leds_gen/ --quartus_dir=D:/intelfpga_lite/18.1/quartus --verilog --config=C:/Users/Acer/AppData/Local/Temp/alt9332_7109963081415909619.dir/0003_leds_gen//lights_leds_component_configuration.pl  --do_build_sim=0  ]
Info: leds: Done RTL generation for module 'lights_leds'
Info: leds: "lights" instantiated altera_avalon_pio "leds"
Info: new_sdram_controller_0: Starting RTL generation for module 'lights_new_sdram_controller_0'
Info: new_sdram_controller_0:   Generation command is [exec D:/intelfpga_lite/18.1/quartus/bin64/perl/bin/perl.exe -I D:/intelfpga_lite/18.1/quartus/bin64/perl/lib -I D:/intelfpga_lite/18.1/quartus/sopc_builder/bin/europa -I D:/intelfpga_lite/18.1/quartus/sopc_builder/bin/perl_lib -I D:/intelfpga_lite/18.1/quartus/sopc_builder/bin -I D:/intelfpga_lite/18.1/quartus/../ip/altera/sopc_builder_ip/common -I D:/intelfpga_lite/18.1/quartus/../ip/altera/sopc_builder_ip/altera_avalon_new_sdram_controller -- D:/intelfpga_lite/18.1/quartus/../ip/altera/sopc_builder_ip/altera_avalon_new_sdram_controller/generate_rtl.pl --name=lights_new_sdram_controller_0 --dir=C:/Users/Acer/AppData/Local/Temp/alt9332_7109963081415909619.dir/0004_new_sdram_controller_0_gen/ --quartus_dir=D:/intelfpga_lite/18.1/quartus --verilog --config=C:/Users/Acer/AppData/Local/Temp/alt9332_7109963081415909619.dir/0004_new_sdram_controller_0_gen//lights_new_sdram_controller_0_component_configuration.pl  --do_build_sim=0  ]
Info: new_sdram_controller_0: Done RTL generation for module 'lights_new_sdram_controller_0'
Info: new_sdram_controller_0: "lights" instantiated altera_avalon_new_sdram_controller "new_sdram_controller_0"
Info: nios2_qsys_0: Starting RTL generation for module 'lights_nios2_qsys_0'
Info: nios2_qsys_0:   Generation command is [exec D:/intelfpga_lite/18.1/quartus/bin64/eperlcmd.exe -I D:/intelfpga_lite/18.1/quartus/bin64/perl/lib -I D:/intelfpga_lite/18.1/quartus/sopc_builder/bin/europa -I D:/intelfpga_lite/18.1/quartus/sopc_builder/bin/perl_lib -I D:/intelfpga_lite/18.1/quartus/sopc_builder/bin -I D:/intelfpga_lite/18.1/quartus/../ip/altera/nios2_ip/altera_nios2/cpu_lib -I D:/intelfpga_lite/18.1/quartus/../ip/altera/nios2_ip/altera_nios2/nios_lib -I D:/intelfpga_lite/18.1/quartus/../ip/altera/nios2_ip/altera_nios2 -I D:/intelfpga_lite/18.1/quartus/../ip/altera/nios2_ip/altera_nios2 -- D:/intelfpga_lite/18.1/quartus/../ip/altera/nios2_ip/altera_nios2/generate_rtl.epl --name=lights_nios2_qsys_0 --dir=C:/Users/Acer/AppData/Local/Temp/alt9332_7109963081415909619.dir/0005_nios2_qsys_0_gen/ --quartus_bindir=D:/intelfpga_lite/18.1/quartus/bin64 --verilog --config=C:/Users/Acer/AppData/Local/Temp/alt9332_7109963081415909619.dir/0005_nios2_qsys_0_gen//lights_nios2_qsys_0_processor_configuration.pl  --do_build_sim=0  ]
Info: nios2_qsys_0: # 2022.12.06 19:25:08 (*) Starting Nios II generation
Info: nios2_qsys_0: # 2022.12.06 19:25:08 (*)   Checking for plaintext license.
Info: nios2_qsys_0: # 2022.12.06 19:25:09 (*)   Couldn't query license setup in Quartus directory D:/intelfpga_lite/18.1/quartus/bin64
Info: nios2_qsys_0: # 2022.12.06 19:25:09 (*)   Defaulting to contents of LM_LICENSE_FILE environment variable
Info: nios2_qsys_0: # 2022.12.06 19:25:09 (*)   LM_LICENSE_FILE environment variable is empty
Info: nios2_qsys_0: # 2022.12.06 19:25:09 (*)   Plaintext license not found.
Info: nios2_qsys_0: # 2022.12.06 19:25:09 (*)   No license required to generate encrypted Nios II/e.
Info: nios2_qsys_0: # 2022.12.06 19:25:09 (*)   Elaborating CPU configuration settings
Info: nios2_qsys_0: # 2022.12.06 19:25:09 (*)   Creating all objects for CPU
Info: nios2_qsys_0: # 2022.12.06 19:25:11 (*)   Generating RTL from CPU objects
Info: nios2_qsys_0: # 2022.12.06 19:25:11 (*)   Creating plain-text RTL
Info: nios2_qsys_0: # 2022.12.06 19:25:12 (*) Done Nios II generation
Info: nios2_qsys_0: Done RTL generation for module 'lights_nios2_qsys_0'
Info: nios2_qsys_0: "lights" instantiated altera_nios2_qsys "nios2_qsys_0"
Info: pll_0: "lights" instantiated altera_pll "pll_0"
Info: switches: Starting RTL generation for module 'lights_switches'
Info: switches:   Generation command is [exec D:/intelfpga_lite/18.1/quartus/bin64/perl/bin/perl.exe -I D:/intelfpga_lite/18.1/quartus/bin64/perl/lib -I D:/intelfpga_lite/18.1/quartus/sopc_builder/bin/europa -I D:/intelfpga_lite/18.1/quartus/sopc_builder/bin/perl_lib -I D:/intelfpga_lite/18.1/quartus/sopc_builder/bin -I D:/intelfpga_lite/18.1/quartus/../ip/altera/sopc_builder_ip/common -I D:/intelfpga_lite/18.1/quartus/../ip/altera/sopc_builder_ip/altera_avalon_pio -- D:/intelfpga_lite/18.1/quartus/../ip/altera/sopc_builder_ip/altera_avalon_pio/generate_rtl.pl --name=lights_switches --dir=C:/Users/Acer/AppData/Local/Temp/alt9332_7109963081415909619.dir/0007_switches_gen/ --quartus_dir=D:/intelfpga_lite/18.1/quartus --verilog --config=C:/Users/Acer/AppData/Local/Temp/alt9332_7109963081415909619.dir/0007_switches_gen//lights_switches_component_configuration.pl  --do_build_sim=0  ]
Info: switches: Done RTL generation for module 'lights_switches'
Info: switches: "lights" instantiated altera_avalon_pio "switches"
Info: avalon_st_adapter: Inserting error_adapter: error_adapter_0
Info: avalon_st_adapter_001: Inserting error_adapter: error_adapter_0
Info: avalon_st_adapter_002: Inserting error_adapter: error_adapter_0
Info: avalon_st_adapter_003: Inserting error_adapter: error_adapter_0
Info: avalon_st_adapter_004: Inserting error_adapter: error_adapter_0
Info: mm_interconnect_0: "lights" instantiated altera_mm_interconnect "mm_interconnect_0"
Info: irq_mapper: "lights" instantiated altera_irq_mapper "irq_mapper"
Info: rst_controller: "lights" instantiated altera_reset_controller "rst_controller"
Info: nios2_qsys_0_data_master_translator: "mm_interconnect_0" instantiated altera_merlin_master_translator "nios2_qsys_0_data_master_translator"
Info: jtag_uart_0_avalon_jtag_slave_translator: "mm_interconnect_0" instantiated altera_merlin_slave_translator "jtag_uart_0_avalon_jtag_slave_translator"
Info: nios2_qsys_0_data_master_agent: "mm_interconnect_0" instantiated altera_merlin_master_agent "nios2_qsys_0_data_master_agent"
Info: jtag_uart_0_avalon_jtag_slave_agent: "mm_interconnect_0" instantiated altera_merlin_slave_agent "jtag_uart_0_avalon_jtag_slave_agent"
Info: jtag_uart_0_avalon_jtag_slave_agent_rsp_fifo: "mm_interconnect_0" instantiated altera_avalon_sc_fifo "jtag_uart_0_avalon_jtag_slave_agent_rsp_fifo"
Info: router: "mm_interconnect_0" instantiated altera_merlin_router "router"
Info: router_001: "mm_interconnect_0" instantiated altera_merlin_router "router_001"
Info: router_002: "mm_interconnect_0" instantiated altera_merlin_router "router_002"
Info: router_003: "mm_interconnect_0" instantiated altera_merlin_router "router_003"
Info: cmd_demux: "mm_interconnect_0" instantiated altera_merlin_demultiplexer "cmd_demux"
Info: cmd_demux_001: "mm_interconnect_0" instantiated altera_merlin_demultiplexer "cmd_demux_001"
Info: cmd_mux: "mm_interconnect_0" instantiated altera_merlin_multiplexer "cmd_mux"
Info: cmd_mux_001: "mm_interconnect_0" instantiated altera_merlin_multiplexer "cmd_mux_001"
Info: Reusing file D:/intelFPGA_lite/18.1/lights/lights/synthesis/submodules/altera_merlin_arbitrator.sv
Info: rsp_demux: "mm_interconnect_0" instantiated altera_merlin_demultiplexer "rsp_demux"
Info: rsp_mux: "mm_interconnect_0" instantiated altera_merlin_multiplexer "rsp_mux"
Info: Reusing file D:/intelFPGA_lite/18.1/lights/lights/synthesis/submodules/altera_merlin_arbitrator.sv
Info: rsp_mux_001: "mm_interconnect_0" instantiated altera_merlin_multiplexer "rsp_mux_001"
Info: Reusing file D:/intelFPGA_lite/18.1/lights/lights/synthesis/submodules/altera_merlin_arbitrator.sv
Info: avalon_st_adapter: "mm_interconnect_0" instantiated altera_avalon_st_adapter "avalon_st_adapter"
Info: error_adapter_0: "avalon_st_adapter" instantiated error_adapter "error_adapter_0"
Info: lights: Done "lights" with 28 modules, 42 files
Info: qsys-generate succeeded.
Info: Finished: Create HDL design files for synthesis
